# 64 byte keys
0, "--key=uint64"
0, "--key=uint64 --fullcheck=find"
0, "--key=uint64 --overwrite"
0, "--key=uint64 --use-cursors"
0, "--key=uint64 --use-cursors --duplicate=first"
0, "--key=uint64 --use-cursors --duplicate=last"

# 32 byte keys
0, "--key=uint32"
0, "--key=uint32 --fullcheck=find"
0, "--key=uint32 --overwrite"
0, "--key=uint32 --use-cursors"
0, "--key=uint32 --use-cursors --duplicate=first"
0, "--key=uint32 --use-cursors --duplicate=last"

# 16 byte keys
0, "--key=uint16"
0, "--key=uint16 --fullcheck=find"
0, "--key=uint16 --overwrite"
0, "--key=uint16 --use-cursors"
0, "--key=uint16 --use-cursors --duplicate=first"
0, "--key=uint16 --use-cursors --duplicate=last"

# 8 byte keys
0, "--key=uint8"
0, "--key=uint8 --fullcheck=find"
0, "--key=uint8 --overwrite"
0, "--key=uint8 --use-cursors"
0, "--key=uint8 --use-cursors --duplicate=first"
0, "--key=uint8 --use-cursors --duplicate=last"

# 4 byte float
0, "--key=real32"
0, "--key=real32 --fullcheck=find"
0, "--key=real32 --overwrite"
0, "--key=real32 --use-cursors"
0, "--key=real32 --use-cursors --duplicate=first"
0, "--key=real32 --use-cursors --duplicate=last"

# 8 byte double
0, "--key=real64"
0, "--key=real64 --fullcheck=find"
0, "--key=real64 --overwrite"
0, "--key=real64 --use-cursors"
0, "--key=real64 --use-cursors --duplicate=first"
0, "--key=real64 --use-cursors --duplicate=last"

# binary keys, 16 bytes
0, "--key=binary"
0, "--key=binary --fullcheck=find"
0, "--key=binary --overwrite"
0, "--key=binary --use-cursors"
0, "--key=binary --use-cursors --duplicate=first"
0, "--key=binary --use-cursors --duplicate=last"

# extended keys
0, "--btree-keysize=20 --keysize=1024"

# binary keys - scripts
3, ""
3, "--fullcheck=find"
3, "--overwrite"
3, "--inmemorydb"
3, "--overwrite --inmemorydb"
3, "--use-cursors"
3, "--use-cursors --overwrite"
3, "--use-cursors --inmemorydb"
3, "--use-cursors --overwrite --inmemorydb"
3, "--use-cursors --duplicate=first"

3, "--key=custom"
3, "--key=custom --fullcheck=find"
3, "--key=custom --overwrite"
3, "--key=custom --use-cursors"
3, "--key=custom --use-cursors --duplicate=first"
3, "--key=custom --use-cursors --duplicate=last"

# AES encryption
3, "--use-encryption"
3, "--use-encryption --use-transactions=10"

# client/server
3, "--use-remote"
3, "--use-remote --use-transactions=10"

3, "--fullcheck=reverse --inmemorydb"
3, "--fullcheck=reverse"
3, "--fullcheck=reverse --duplicate=last"
3, "--fullcheck=reverse --overwrite"

3, "--duplicate=last"
3, "--fullcheck=find"
3, "--duplicate=last --inmemorydb"
3, "--duplicate=last --use-cursors"
3, "--duplicate=last --use-cursors --inmemorydb"

3, "--no-mmap"
3, "--no-mmap --overwrite"

3, "--keysize=8"
3, "--keysize=8 --overwrite"
3, "--keysize=8 --inmemorydb"
3, "--keysize=8 --overwrite --inmemorydb"
3, "--keysize=8 --use-cursors --overwrite --inmemorydb"

3, "--keysize=12"
3, "--keysize=12 --overwrite"
3, "--keysize=12 --inmemorydb"
3, "--keysize=12 --overwrite --inmemorydb"

3, "--keysize=33"
3, "--keysize=33 --overwrite"
3, "--keysize=33 --inmemorydb"
3, "--keysize=33 --overwrite --inmemorydb"

3, "--keysize=680"
3, "--keysize=680 --overwrite"
3, "--keysize=680 --inmemorydb"
3, "--keysize=680 --overwrite --inmemorydb"

3, "--pagesize=1024"
3, "--pagesize=1024 --overwrite"
3, "--pagesize=1024 --inmemorydb"
3, "--pagesize=1024 --overwrite --inmemorydb"

3, "--pagesize=8192"
3, "--pagesize=8192 --overwrite"
3, "--pagesize=8192 --inmemorydb"
3, "--pagesize=8192 --overwrite --inmemorydb"

3, "--pagesize=131072"
3, "--pagesize=131072 --overwrite"
3, "--pagesize=131072 --inmemorydb"
3, "--pagesize=131072 --overwrite --inmemorydb"

3, "--cache=unlimited"
3, "--cache=unlimited"
3, "--cache=unlimited --overwrite"
3, "--cache=unlimited --no-mmap"
3, "--cache=unlimited --overwrite --no-mmap"

3, "--cache=50"
3, "--cache=50 --overwrite"
3, "--cache=50 --no-mmap"
3, "--cache=50 --overwrite --no-mmap"
3, "--cache=50 --use-cursors --overwrite --no-mmap"

3, "--cache=1024"
3, "--cache=1024 --overwrite"
3, "--cache=1024 --no-mmap"
3, "--cache=1024 --overwrite --no-mmap"

3, "--use-recovery"
3, "--use-recovery --overwrite"
3, "--use-recovery --pagesize=1024"
3, "--use-recovery --duplicate=last"
3, "--use-recovery --overwrite --no-mmap"
3, "--use-recovery --keysize=16"

# HAM_HINT_APPEND
3, "--hints=HAM_HINT_APPEND --use-cursors"
3, "--hints=HAM_HINT_APPEND --use-cursors --inmemorydb"

# HAM_HINT_PREPEND
3, "--hints=HAM_HINT_PREPEND --use-cursors"
3, "--hints=HAM_HINT_PREPEND --use-cursors --inmemorydb"

# HAM_DIRECT_ACCESS
3, "--direct-access --inmemorydb"
3, "--direct-access --inmemorydb --fullcheck=find"
3, "--direct-access --inmemorydb --overwrite"
3, "--direct-access --inmemorydb --use-cursors"
3, "--direct-access --inmemorydb --use-cursors --overwrite $1 $2 $3"
3, "--direct-access --inmemorydb --use-cursors --duplicate=first"
3, "--direct-access --inmemorydb --fullcheck=reverse"

# use temporary transactions
3, "--use-transactions=tmp"
3, "--use-transactions=tmp --overwrite"
3, "--use-transactions=tmp --duplicate=last"
3, "--use-transactions=tmp --use-cursors"
3, "--use-transactions=tmp --use-cursors --overwrite"
3, "--use-transactions=tmp --use-cursors --duplicate=last"
3, "--use-transactions=tmp --use-cursors --duplicate=first"
3, "--use-transactions=tmp --no-mmap
3, "--use-transactions=tmp --fullcheck=find"
3, "--use-transactions=tmp --fullcheck=reverse"
3, "--use-transactions=tmp --pagesize=1024"
3, "--use-transactions=tmp --pagesize=10240"
3, "--use-transactions=tmp --pagesize=102400"
3, "--use-transactions=tmp --cache=1024"
3, "--use-transactions=tmp --cache=102400"
3, "--use-transactions=tmp --cache=10240000"

# use transactions: group 5 ops in one txn
3, "--use-transactions=5"
3, "--use-transactions=5 --overwrite"
3, "--use-transactions=5 --duplicate=last"
3, "--use-transactions=5 --use-cursors"
3, "--use-transactions=5 --use-cursors --overwrite"
3, "--use-transactions=5 --use-cursors --duplicate=last"
3, "--use-transactions=5 --use-cursors --duplicate=first"
3, "--use-transactions=5 --fullcheck=find"
3, "--use-transactions=5 --fullcheck=reverse"

# use transactions: group 20 ops in one txn
3, "--use-transactions=20"
3, "--use-transactions=20 --overwrite"
3, "--use-transactions=20 --duplicate=last"
3, "--use-transactions=20 --use-cursors"
3, "--use-transactions=20 --use-cursors --overwrite"
3, "--use-transactions=20 --use-cursors --duplicate=last"
3, "--use-transactions=20 --use-cursors --duplicate=first"
3, "--use-transactions=20 --fullcheck=find"
3, "--use-transactions=20 --fullcheck=reverse"

# use transactions: group 200 ops in one txn
3, "--use-transactions=200"
3, "--use-transactions=200 --overwrite"
3, "--use-transactions=200 --duplicate=last"
3, "--use-transactions=200 --use-cursors"
3, "--use-transactions=200 --use-cursors --overwrite"
3, "--use-transactions=200 --use-cursors --duplicate=last"
3, "--use-transactions=200 --use-cursors --duplicate=first"
3, "--use-transactions=200 --fullcheck=find"
3, "--use-transactions=200 --fullcheck=reverse"

# use transactions: group ALL ops in one txn
3, "--use-transactions=all"
3, "--use-transactions=all --overwrite"
3, "--use-transactions=all --duplicate=last"
3, "--use-transactions=all --use-cursors"
3, "--use-transactions=all --use-cursors --overwrite"
3, "--use-transactions=all --use-cursors --duplicate=last"
3, "--use-transactions=all --use-cursors --duplicate=first"
3, "--use-transactions=all --fullcheck=find"
3, "--use-transactions=all --fullcheck=reverse"
