1, "--reopen"
1, "--overwrite --reopen"
1, "--duplicate=last --reopen"
1, "--use-cursors --duplicate=first --reopen"
1, "--inmemorydb"
1, "--inmemorydb --duplicate=last"
1, "--overwrite --inmemorydb"
1, "--reopen --use-cursors"
1, "--reopen --use-cursors --duplicate=last"
1, "--overwrite --reopen --use-cursors"
1, "--inmemorydb --use-cursors"
1, "--overwrite --inmemorydb --use-cursors"
1, "--fullcheck=find"
1, "--fullcheck=find --duplicate=last"
1, "--fullcheck=reverse"
1, "--fullcheck=reverse --duplicate=last"
1, "--no-mmap --overwrite --reopen"
1, "--key=custom"
1, "--keysize=8 --overwrite --reopen"
1, "--keysize=12 --overwrite --reopen"
1, "--keysize=33 --overwrite --reopen"
1, "--keysize=680 --overwrite --reopen"
1, "--pagesize=1024 --overwrite --reopen"
1, "--pagesize=8192 --overwrite --reopen"
1, "--pagesize=131072 --overwrite --reopen"
1, "--cache=50 --overwrite --reopen"
1, "--use-recovery --reopen"
1, "--cache=unlimited"
1, "--direct-access --inmemorydb"
1, "--use-transactions=tmp"
1, "--use-transactions=10"
1, "--use-transactions=10000"
1, "--use-transactions=all"

2, "--key=uint8 --erase-pct=30 --find-pct=30"
2, "--key=uint8"
2, "--key=uint8 --reopen --find-pct=100"
2, "--key=uint16 --erase-pct=30 --find-pct=30"
2, "--key=uint16"
2, "--key=uint16 --reopen --find-pct=100"
2, "--key=uint32 --erase-pct=30 --find-pct=30"
2, "--key=uint32"
2, "--key=uint32 --reopen --find-pct=100"
2, "--key=uint64 --erase-pct=30 --find-pct=30"
2, "--key=uint64"
2, "--key=uint64 --reopen --find-pct=100"
2, "--key=real32 --erase-pct=30 --find-pct=30"
2, "--key=real32"
2, "--key=real32 --reopen --find-pct=100"
2, "--key=real64 --erase-pct=30 --find-pct=30"
2, "--key=real64"
2, "--key=real64 --reopen --find-pct=100"

1, "--btree-keysize=20 --keysize=1024"
