running ../../testfiles/1/45.tst 2    
==18258== Memcheck, a memory error detector.
==18258== Copyright (C) 2002-2008, and GNU GPL'd, by Julian Seward et al.
==18258== Using LibVEX rev 1884, a library for dynamic binary translation.
==18258== Copyright (C) 2004-2008, and GNU GPL'd, by OpenWorks LLP.
==18258== Using valgrind-3.4.1, a dynamic binary instrumentation framework.
==18258== Copyright (C) 2000-2008, and GNU GPL'd, by Julian Seward et al.
==18258== For more details, rerun with: -v
==18258== 
==18258== Syscall param pwrite64(buf) points to uninitialised byte(s)
==18258==    at 0x40007F2: (within /lib/ld-2.7.so)
==18258==    by 0x41359E9: __os_io (in /usr/lib/libdb-4.6.so)
==18258==    by 0x4123993: (within /usr/lib/libdb-4.6.so)
==18258==    by 0x4123BB1: __memp_bhwrite (in /usr/lib/libdb-4.6.so)
==18258==    by 0x41227C3: __memp_alloc (in /usr/lib/libdb-4.6.so)
==18258==    by 0x41247EA: __memp_fget (in /usr/lib/libdb-4.6.so)
==18258==    by 0x40EF568: __db_new (in /usr/lib/libdb-4.6.so)
==18258==    by 0x406343C: __bam_split (in /usr/lib/libdb-4.6.so)
==18258==    by 0x405182B: (within /usr/lib/libdb-4.6.so)
==18258==    by 0x40E2259: __dbc_put (in /usr/lib/libdb-4.6.so)
==18258==    by 0x40D9ADF: __db_put (in /usr/lib/libdb-4.6.so)
==18258==    by 0x40E9E8D: __db_put_pp (in /usr/lib/libdb-4.6.so)
==18258==  Address 0x442753a is 266 bytes inside a block of size 8,236 alloc'd
==18258==    at 0x4022D78: malloc (vg_replace_malloc.c:207)
==18258==    by 0x4132DFE: __os_malloc (in /usr/lib/libdb-4.6.so)
==18258==    by 0x4105908: __env_alloc (in /usr/lib/libdb-4.6.so)
==18258==    by 0x412247A: __memp_alloc (in /usr/lib/libdb-4.6.so)
==18258==    by 0x41247EA: __memp_fget (in /usr/lib/libdb-4.6.so)
==18258==    by 0x40EF568: __db_new (in /usr/lib/libdb-4.6.so)
==18258==    by 0x4063B1D: __bam_split (in /usr/lib/libdb-4.6.so)
==18258==    by 0x405182B: (within /usr/lib/libdb-4.6.so)
==18258==    by 0x40E2259: __dbc_put (in /usr/lib/libdb-4.6.so)
==18258==    by 0x40D9ADF: __db_put (in /usr/lib/libdb-4.6.so)
==18258==    by 0x40E9E8D: __db_put_pp (in /usr/lib/libdb-4.6.so)
==18258==    by 0x804C226: berkeleydb::insert(ham_key_t*, ham_record_t*) (berkeleydb.cpp:161)
==18258== 
==18258== ERROR SUMMARY: 48 errors from 1 contexts (suppressed: 21 from 1)
==18258== malloc/free: in use at exit: 0 bytes in 0 blocks.
==18258== malloc/free: 8,465 allocs, 8,465 frees, 3,090,815 bytes allocated.
==18258== For counts of detected errors, rerun with: -v
==18258== Use --track-origins=yes to see where uninitialised values come from
==18258== All heap blocks were freed -- no leaks are possible.


running ../../testfiles/1/220.tst 2    
==18285== Memcheck, a memory error detector.
==18285== Copyright (C) 2002-2008, and GNU GPL'd, by Julian Seward et al.
==18285== Using LibVEX rev 1884, a library for dynamic binary translation.
==18285== Copyright (C) 2004-2008, and GNU GPL'd, by OpenWorks LLP.
==18285== Using valgrind-3.4.1, a dynamic binary instrumentation framework.
==18285== Copyright (C) 2000-2008, and GNU GPL'd, by Julian Seward et al.
==18285== For more details, rerun with: -v
==18285== 
==18285== Syscall param pwrite64(buf) points to uninitialised byte(s)
==18285==    at 0x40007F2: (within /lib/ld-2.7.so)
==18285==    by 0x41359E9: __os_io (in /usr/lib/libdb-4.6.so)
==18285==    by 0x4123993: (within /usr/lib/libdb-4.6.so)
==18285==    by 0x4123BB1: __memp_bhwrite (in /usr/lib/libdb-4.6.so)
==18285==    by 0x41227C3: __memp_alloc (in /usr/lib/libdb-4.6.so)
==18285==    by 0x41247EA: __memp_fget (in /usr/lib/libdb-4.6.so)
==18285==    by 0x40EF568: __db_new (in /usr/lib/libdb-4.6.so)
==18285==    by 0x406343C: __bam_split (in /usr/lib/libdb-4.6.so)
==18285==    by 0x405182B: (within /usr/lib/libdb-4.6.so)
==18285==    by 0x40E2259: __dbc_put (in /usr/lib/libdb-4.6.so)
==18285==    by 0x40D9ADF: __db_put (in /usr/lib/libdb-4.6.so)
==18285==    by 0x40E9E8D: __db_put_pp (in /usr/lib/libdb-4.6.so)
==18285==  Address 0x4427c7e is 150 bytes inside a block of size 8,236 alloc'd
==18285==    at 0x4022D78: malloc (vg_replace_malloc.c:207)
==18285==    by 0x4132DFE: __os_malloc (in /usr/lib/libdb-4.6.so)
==18285==    by 0x4105908: __env_alloc (in /usr/lib/libdb-4.6.so)
==18285==    by 0x412247A: __memp_alloc (in /usr/lib/libdb-4.6.so)
==18285==    by 0x41247EA: __memp_fget (in /usr/lib/libdb-4.6.so)
==18285==    by 0x40EF568: __db_new (in /usr/lib/libdb-4.6.so)
==18285==    by 0x4063B1D: __bam_split (in /usr/lib/libdb-4.6.so)
==18285==    by 0x405182B: (within /usr/lib/libdb-4.6.so)
==18285==    by 0x40E2259: __dbc_put (in /usr/lib/libdb-4.6.so)
==18285==    by 0x40D9ADF: __db_put (in /usr/lib/libdb-4.6.so)
==18285==    by 0x40E9E8D: __db_put_pp (in /usr/lib/libdb-4.6.so)
==18285==    by 0x804C226: berkeleydb::insert(ham_key_t*, ham_record_t*) (berkeleydb.cpp:161)
==18285== 
==18285== ERROR SUMMARY: 36 errors from 1 contexts (suppressed: 21 from 1)
==18285== malloc/free: in use at exit: 0 bytes in 0 blocks.
==18285== malloc/free: 5,772 allocs, 5,772 frees, 2,668,038 bytes allocated.
==18285== For counts of detected errors, rerun with: -v
==18285== Use --track-origins=yes to see where uninitialised values come from
==18285== All heap blocks were freed -- no leaks are possible.


running ../../testfiles/1/ext_020.tst 2    
==18313== Memcheck, a memory error detector.
==18313== Copyright (C) 2002-2008, and GNU GPL'd, by Julian Seward et al.
==18313== Using LibVEX rev 1884, a library for dynamic binary translation.
==18313== Copyright (C) 2004-2008, and GNU GPL'd, by OpenWorks LLP.
==18313== Using valgrind-3.4.1, a dynamic binary instrumentation framework.
==18313== Copyright (C) 2000-2008, and GNU GPL'd, by Julian Seward et al.
==18313== For more details, rerun with: -v
==18313== 
==18313== 
==18313== ERROR SUMMARY: 0 errors from 0 contexts (suppressed: 21 from 1)
==18313== malloc/free: in use at exit: 0 bytes in 0 blocks.
==18313== malloc/free: 1,162 allocs, 1,162 frees, 783,857 bytes allocated.
==18313== For counts of detected errors, rerun with: -v
==18313== All heap blocks were freed -- no leaks are possible.


running ../../testfiles/2/ext_060.tst 2    
==18314== Memcheck, a memory error detector.
==18314== Copyright (C) 2002-2008, and GNU GPL'd, by Julian Seward et al.
==18314== Using LibVEX rev 1884, a library for dynamic binary translation.
==18314== Copyright (C) 2004-2008, and GNU GPL'd, by OpenWorks LLP.
==18314== Using valgrind-3.4.1, a dynamic binary instrumentation framework.
==18314== Copyright (C) 2000-2008, and GNU GPL'd, by Julian Seward et al.
==18314== For more details, rerun with: -v
==18314== 
==18314== 
==18314== ERROR SUMMARY: 0 errors from 0 contexts (suppressed: 21 from 1)
==18314== malloc/free: in use at exit: 0 bytes in 0 blocks.
==18314== malloc/free: 1,204,670 allocs, 1,204,670 frees, 33,868,159 bytes allocated.
==18314== For counts of detected errors, rerun with: -v
==18314== All heap blocks were freed -- no leaks are possible.


running ../../testfiles/2/blb-001.tst 2    
==18383== Memcheck, a memory error detector.
==18383== Copyright (C) 2002-2008, and GNU GPL'd, by Julian Seward et al.
==18383== Using LibVEX rev 1884, a library for dynamic binary translation.
==18383== Copyright (C) 2004-2008, and GNU GPL'd, by OpenWorks LLP.
==18383== Using valgrind-3.4.1, a dynamic binary instrumentation framework.
==18383== Copyright (C) 2000-2008, and GNU GPL'd, by Julian Seward et al.
==18383== For more details, rerun with: -v
==18383== 
==18383== Syscall param pwrite64(buf) points to uninitialised byte(s)
==18383==    at 0x40007F2: (within /lib/ld-2.7.so)
==18383==    by 0x41359E9: __os_io (in /usr/lib/libdb-4.6.so)
==18383==    by 0x4123993: (within /usr/lib/libdb-4.6.so)
==18383==    by 0x4123BB1: __memp_bhwrite (in /usr/lib/libdb-4.6.so)
==18383==    by 0x41227C3: __memp_alloc (in /usr/lib/libdb-4.6.so)
==18383==    by 0x41247EA: __memp_fget (in /usr/lib/libdb-4.6.so)
==18383==    by 0x40F23B8: __db_goff (in /usr/lib/libdb-4.6.so)
==18383==    by 0x40FD94C: __db_ret (in /usr/lib/libdb-4.6.so)
==18383==    by 0x40E026A: __dbc_get (in /usr/lib/libdb-4.6.so)
==18383==    by 0x40E904A: __dbc_get_pp (in /usr/lib/libdb-4.6.so)
==18383==    by 0x804C996: berkeleydb::get_next(void*, ham_key_t*, ham_record_t*, int) (berkeleydb.cpp:304)
==18383==    by 0x8049DCE: engine::fullcheck() (engine.cpp:254)
==18383==  Address 0x441da24 is 556 bytes inside a block of size 8,236 alloc'd
==18383==    at 0x4022D78: malloc (vg_replace_malloc.c:207)
==18383==    by 0x4132DFE: __os_malloc (in /usr/lib/libdb-4.6.so)
==18383==    by 0x4105908: __env_alloc (in /usr/lib/libdb-4.6.so)
==18383==    by 0x412247A: __memp_alloc (in /usr/lib/libdb-4.6.so)
==18383==    by 0x41247EA: __memp_fget (in /usr/lib/libdb-4.6.so)
==18383==    by 0x40559D5: __bam_new_file (in /usr/lib/libdb-4.6.so)
==18383==    by 0x40F142D: __db_new_file (in /usr/lib/libdb-4.6.so)
==18383==    by 0x40F1B27: __db_open (in /usr/lib/libdb-4.6.so)
==18383==    by 0x40EA7FE: __db_open_pp (in /usr/lib/libdb-4.6.so)
==18383==    by 0x804C7BC: berkeleydb::create() (berkeleydb.cpp:57)
==18383==    by 0x8049AB4: engine::create(bool) (engine.cpp:42)
==18383==    by 0x804948D: parser::process_line(char*) (parser.cpp:69)
==18383== 
==18383== ERROR SUMMARY: 1 errors from 1 contexts (suppressed: 21 from 1)
==18383== malloc/free: in use at exit: 0 bytes in 0 blocks.
==18383== malloc/free: 130 allocs, 130 frees, 131,386,005 bytes allocated.
==18383== For counts of detected errors, rerun with: -v
==18383== Use --track-origins=yes to see where uninitialised values come from
==18383== All heap blocks were freed -- no leaks are possible.


